<?xml version="1.0" encoding="UTF-8"?>
<!-- Generated by org.testng.reporters.JUnitReportReporter -->
<testsuite hostname="LAPTOP-0U18I7A7" failures="0" tests="3" name="com.SwagLabs.TestCases.CartPageTestCase" time="1.171" errors="0" timestamp="2024-12-09T23:13:59 GMT-05:00" skipped="0">
  <testcase classname="com.SwagLabs.TestCases.CartPageTestCase" name="ValidateRemovebutton" time="0.138"/>
  <system-out/>
  <testcase classname="com.SwagLabs.TestCases.CartPageTestCase" name="ValidateContinueShopping" time="0.846"/>
  <system-out/>
  <testcase classname="com.SwagLabs.TestCases.CartPageTestCase" name="ValidateCheckout" time="0.187"/>
  <system-out/>
</testsuite> <!-- com.SwagLabs.TestCases.CartPageTestCase -->
