<?xml version="1.0" encoding="UTF-8"?>
<!-- Generated by org.testng.reporters.JUnitReportReporter -->
<testsuite hostname="LAPTOP-0U18I7A7" failures="0" tests="2" name="com.SwagLabs.TestCases.CheckOutPageTestCases" time="3.459" errors="0" timestamp="2024-12-09T23:13:59 GMT-05:00" skipped="0">
  <testcase classname="com.SwagLabs.TestCases.CheckOutPageTestCases" name="AddCustDetails" time="3.245"/>
  <system-out/>
  <testcase classname="com.SwagLabs.TestCases.CheckOutPageTestCases" name="VerifyContinueCheckOut" time="0.214"/>
  <system-out/>
</testsuite> <!-- com.SwagLabs.TestCases.CheckOutPageTestCases -->
