<?xml version="1.0" encoding="UTF-8"?>
<!-- Generated by org.testng.reporters.JUnitReportReporter -->
<testsuite hostname="LAPTOP-0U18I7A7" failures="0" tests="2" name="com.SwagLabs.TestCases.ChekOutPageOverviewTestCases" time="0.565" errors="0" timestamp="2024-12-09T23:13:59 GMT-05:00" skipped="0">
  <testcase classname="com.SwagLabs.TestCases.ChekOutPageOverviewTestCases" name="validateProductnameoncheckout" time="0.026"/>
  <system-out/>
  <testcase classname="com.SwagLabs.TestCases.ChekOutPageOverviewTestCases" name="clickonFinishbtn" time="0.539"/>
  <system-out/>
</testsuite> <!-- com.SwagLabs.TestCases.ChekOutPageOverviewTestCases -->
