<?xml version="1.0" encoding="UTF-8"?>
<!-- Generated by org.testng.reporters.JUnitReportReporter -->
<testsuite hostname="LAPTOP-0U18I7A7" failures="0" tests="1" name="com.SwagLabs.TestCases.FinishPageTestCase" time="0.044" errors="0" timestamp="2024-12-09T23:13:59 GMT-05:00" skipped="0">
  <testcase classname="com.SwagLabs.TestCases.FinishPageTestCase" name="VerifyFinishButtonStatus1" time="0.044"/>
  <system-out/>
</testsuite> <!-- com.SwagLabs.TestCases.FinishPageTestCase -->
