<?xml version="1.0" encoding="UTF-8"?>
<!-- Generated by org.testng.reporters.JUnitReportReporter -->
<testsuite hostname="LAPTOP-0U18I7A7" failures="0" tests="4" name="com.SwagLabs.TestCases.InventoryPageTestCase" time="1.021" errors="0" timestamp="2024-12-09T23:13:59 GMT-05:00" skipped="0">
  <testcase classname="com.SwagLabs.TestCases.InventoryPageTestCase" name="Verifyproductcounttestcase" time="0.027"/>
  <system-out/>
  <testcase classname="com.SwagLabs.TestCases.InventoryPageTestCase" name="VerifyProductName" time="0.151"/>
  <system-out/>
  <testcase classname="com.SwagLabs.TestCases.InventoryPageTestCase" name="validateAddToCartPage" time="0.469"/>
  <system-out/>
  <testcase classname="com.SwagLabs.TestCases.InventoryPageTestCase" name="validateOpenCartPage" time="0.374"/>
  <system-out/>
</testsuite> <!-- com.SwagLabs.TestCases.InventoryPageTestCase -->
