<?xml version="1.0" encoding="UTF-8"?>
<!-- Generated by org.testng.reporters.JUnitReportReporter -->
<testsuite hostname="LAPTOP-0U18I7A7" failures="0" tests="1" name="com.SwagLabs.TestCases.FinishPageTestCase" time="0.198" errors="0" timestamp="2024-12-13T11:07:49 GMT-05:00" skipped="0">
  <testcase classname="com.SwagLabs.TestCases.FinishPageTestCase" name="VerifyFinishButtonStatus1" time="0.198"/>
</testsuite> <!-- com.SwagLabs.TestCases.FinishPageTestCase -->
