<?xml version="1.0" encoding="UTF-8"?>
<!-- Generated by org.testng.reporters.JUnitReportReporter -->
<testsuite hostname="LAPTOP-0U18I7A7" failures="0" tests="3" name="com.SwagLabs.TestCases.LoginPageTestCases" time="0.936" errors="0" timestamp="2024-12-16T09:53:04 GMT-05:00" skipped="0">
  <testcase classname="com.SwagLabs.TestCases.LoginPageTestCases" name="validateURL" time="0.015"/>
  <testcase classname="com.SwagLabs.TestCases.LoginPageTestCases" name="validateTitle" time="0.008"/>
  <testcase classname="com.SwagLabs.TestCases.LoginPageTestCases" name="validateLogin" time="0.913"/>
</testsuite> <!-- com.SwagLabs.TestCases.LoginPageTestCases -->
