<?xml version="1.0" encoding="UTF-8"?>
<!-- Generated by org.testng.reporters.JUnitReportReporter -->
<testsuite hostname="LAPTOP-0U18I7A7" failures="0" tests="4" name="com.SwagLabs.TestCases.InventoryPageTestCase" time="0.751" errors="0" timestamp="2024-12-16T09:53:04 GMT-05:00" skipped="0">
  <testcase classname="com.SwagLabs.TestCases.InventoryPageTestCase" name="Verifyproductcounttestcase" time="0.213"/>
  <testcase classname="com.SwagLabs.TestCases.InventoryPageTestCase" name="VerifyProductName" time="0.077"/>
  <testcase classname="com.SwagLabs.TestCases.InventoryPageTestCase" name="validateAddToCartPage" time="0.296"/>
  <testcase classname="com.SwagLabs.TestCases.InventoryPageTestCase" name="validateOpenCartPage" time="0.165"/>
</testsuite> <!-- com.SwagLabs.TestCases.InventoryPageTestCase -->
