<?xml version="1.0" encoding="UTF-8"?>
<!-- Generated by org.testng.reporters.JUnitReportReporter -->
<testsuite hostname="LAPTOP-0U18I7A7" failures="0" tests="2" name="com.SwagLabs.TestCases.CheckOutPageTestCases" time="3.513" errors="0" timestamp="2024-12-16T09:53:04 GMT-05:00" skipped="0">
  <testcase classname="com.SwagLabs.TestCases.CheckOutPageTestCases" name="AddCustDetails" time="3.232"/>
  <testcase classname="com.SwagLabs.TestCases.CheckOutPageTestCases" name="VerifyContinueCheckOut" time="0.281"/>
</testsuite> <!-- com.SwagLabs.TestCases.CheckOutPageTestCases -->
