<?xml version="1.0" encoding="UTF-8"?>
<!-- Generated by org.testng.reporters.JUnitReportReporter -->
<testsuite hostname="LAPTOP-0U18I7A7" failures="0" tests="3" name="com.SwagLabs.TestCases.LoginPageTestCases" time="1.765" errors="0" timestamp="2024-12-13T11:07:49 GMT-05:00" skipped="0">
  <testcase classname="com.SwagLabs.TestCases.LoginPageTestCases" name="validateURL" time="0.042"/>
  <testcase classname="com.SwagLabs.TestCases.LoginPageTestCases" name="validateTitle" time="0.018"/>
  <testcase classname="com.SwagLabs.TestCases.LoginPageTestCases" name="validateLogin" time="1.705"/>
</testsuite> <!-- com.SwagLabs.TestCases.LoginPageTestCases -->
