<?xml version="1.0" encoding="UTF-8"?>
<!-- Generated by org.testng.reporters.JUnitReportReporter -->
<testsuite hostname="LAPTOP-0U18I7A7" failures="0" tests="2" name="com.SwagLabs.TestCases.ChekOutPageOverviewTestCases" time="0.419" errors="0" timestamp="2024-12-16T09:53:04 GMT-05:00" skipped="0">
  <testcase classname="com.SwagLabs.TestCases.ChekOutPageOverviewTestCases" name="validateProductnameoncheckout" time="0.025"/>
  <testcase classname="com.SwagLabs.TestCases.ChekOutPageOverviewTestCases" name="clickonFinishbtn" time="0.394"/>
</testsuite> <!-- com.SwagLabs.TestCases.ChekOutPageOverviewTestCases -->
